h:\ib\igmplugin\debug\vc120.pdb
h:\ib\igmplugin\debug\vc120.idb
h:\ib\igmplugin\debug\dllmain.obj
h:\ib\igmplugin\debug\easylogging++.obj
h:\ib\igmplugin\debug\igmplugin.obj
h:\ib\igmplugin\debug\stdafx.obj
g:\software code\metatrader\ib\igmplugin\debug\vc120.pdb
g:\software code\metatrader\ib\igmplugin\debug\vc120.idb
g:\software code\metatrader\ib\igmplugin\debug\dllmain.obj
g:\software code\metatrader\ib\igmplugin\debug\easylogging++.obj
g:\software code\metatrader\ib\igmplugin\debug\stdafx.obj
h:\zorro\plugin\ibpluginaa.lib
h:\zorro\plugin\ibpluginaa.exp
h:\zorro\plugin\ibpluginaa.ilk
h:\zorro\plugin\ibpluginaa.dll
h:\zorro\plugin\ibpluginaa.pdb
h:\ib\ibpluginaa\debug\dllmain.obj
h:\ib\ibpluginaa\debug\easylogging++.obj
h:\ib\ibpluginaa\debug\stdafx.obj
h:\ib\ibpluginaa\debug\vc120.idb
h:\ib\ibpluginaa\debug\vc120.pdb
h:\ib\ibpluginaa\debug\ibpluginaa.tlog\cl.command.1.tlog
h:\ib\ibpluginaa\debug\ibpluginaa.tlog\cl.read.1.tlog
h:\ib\ibpluginaa\debug\ibpluginaa.tlog\cl.write.1.tlog
h:\ib\ibpluginaa\debug\ibpluginaa.tlog\ibpluginaa.write.1u.tlog
h:\ib\ibpluginaa\debug\ibpluginaa.tlog\link.command.1.tlog
h:\ib\ibpluginaa\debug\ibpluginaa.tlog\link.read.1.tlog
h:\ib\ibpluginaa\debug\ibpluginaa.tlog\link.write.1.tlog
