Build started 10/28/2017 4:58:31 PM.
     1>Project "H:\IB\IBPluginAA\IGMPlugin.vcxproj" on node 2 (Build target(s)).
     1>C:\Program Files (x86)\MSBuild\Microsoft.Cpp\v4.0\V120\Microsoft.CppBuild.targets(388,5): warning MSB8028: The intermediate directory (Release\) contains files shared from another project (IGMPlugin.vcxproj, IGMPluginEmpty.vcxproj).  This can lead to incorrect clean and rebuild behavior.
     1>ClCompile:
         C:\Program Files (x86)\Microsoft Visual Studio 12.0\VC\bin\CL.exe /c /Zi /nologo /W3 /WX- /sdl /O2 /Oi /Oy- /GL /D WIN32 /D NDEBUG /D _WINDOWS /D _USRDLL /D IGMPLUGIN_EXPORTS /D _WINDLL /D _UNICODE /D UNICODE /Gm- /EHsc /MT /GS /Gy /fp:precise /Zc:wchar_t /Zc:forScope /Fo"Release\\" /Fd"Release\vc120.pdb" /Gd /TP /analyze- /errorReport:prompt dllmain.cpp
         dllmain.cpp
         C:\Program Files (x86)\Microsoft Visual Studio 12.0\VC\bin\CL.exe /c /Zi /nologo /W3 /WX- /sdl /O2 /Oi /Oy- /GL /D WIN32 /D NDEBUG /D _WINDOWS /D _USRDLL /D IGMPLUGIN_EXPORTS /D _WINDLL /D _UNICODE /D UNICODE /Gm- /EHsc /MT /GS /Gy /fp:precise /Zc:wchar_t /Zc:forScope /Fo"Release\\" /Fd"Release\vc120.pdb" /Gd /TP /analyze- /errorReport:prompt easylogging++.cpp IGMPlugin.cpp stdafx.cpp
         easylogging++.cpp
         IGMPlugin.cpp
     1>h:\ib\ibpluginaa\..\..\Zorro\include\trading.h(745): warning C4005: 'LOG' : macro redefinition
                 h:\ib\ibpluginaa\easylogging++.h(4292) : see previous definition of 'LOG'
     1>IGMPlugin.cpp(163): warning C4101: 'fFreeResult' : unreferenced local variable
     1>IGMPlugin.cpp(557): warning C4244: 'initializing' : conversion from 'double' to 'int', possible loss of data
     1>IGMPlugin.cpp(558): warning C4244: 'initializing' : conversion from 'double' to 'int', possible loss of data
     1>IGMPlugin.cpp(643): warning C4244: '=' : conversion from 'double' to 'float', possible loss of data
     1>IGMPlugin.cpp(644): warning C4244: '=' : conversion from 'double' to 'float', possible loss of data
     1>IGMPlugin.cpp(645): warning C4244: '=' : conversion from 'double' to 'float', possible loss of data
     1>IGMPlugin.cpp(646): warning C4244: '=' : conversion from 'double' to 'float', possible loss of data
     1>IGMPlugin.cpp(647): warning C4244: '=' : conversion from 'double' to 'float', possible loss of data
     1>IGMPlugin.cpp(1055): warning C4244: '=' : conversion from 'double' to 'int', possible loss of data
         stdafx.cpp
       Link:
         C:\Program Files (x86)\Microsoft Visual Studio 12.0\VC\bin\link.exe /ERRORREPORT:PROMPT /OUT:"H:\IB\IBPluginAA\Release\IBPluginAA.dll" /INCREMENTAL:NO /NOLOGO kernel32.lib user32.lib gdi32.lib winspool.lib comdlg32.lib advapi32.lib shell32.lib ole32.lib oleaut32.lib uuid.lib odbc32.lib odbccp32.lib /MANIFEST /MANIFESTUAC:"level='asInvoker' uiAccess='false'" /manifest:embed /DEBUG /PDB:"H:\IB\IBPluginAA\Release\IBPluginAA.pdb" /SUBSYSTEM:WINDOWS /OPT:REF /OPT:ICF /LTCG /TLBID:1 /DYNAMICBASE /NXCOMPAT /IMPLIB:"H:\IB\IBPluginAA\Release\IBPluginAA.lib" /MACHINE:X86 /SAFESEH /DLL Release\dllmain.obj
         Release\easylogging++.obj
         Release\IGMPlugin.obj
         Release\stdafx.obj
            Creating library H:\IB\IBPluginAA\Release\IBPluginAA.lib and object H:\IB\IBPluginAA\Release\IBPluginAA.exp
         Generating code
         Finished generating code
         IGMPlugin.vcxproj -> H:\IB\IBPluginAA\Release\IBPluginAA.dll
     1>Done Building Project "H:\IB\IBPluginAA\IGMPlugin.vcxproj" (Build target(s)).

Build succeeded.

Time Elapsed 00:00:22.04
